<?xml version="1.0" encoding="UTF-8"?>
<testng-results ignored="0" total="1" passed="1" failed="0" skipped="0">
  <reporter-output>
  </reporter-output>
  <suite started-at="2023-12-11T11:38:59 IST" name="Default suite" finished-at="2023-12-11T11:39:15 IST" duration-ms="16397">
    <groups>
    </groups>
    <test started-at="2023-12-11T11:38:59 IST" name="Default test" finished-at="2023-12-11T11:39:15 IST" duration-ms="16397">
      <class name="MyDemoBookMyShow.MyDemoBookMyShow.SimpleService">
        <test-method signature="setup()[pri:0, instance:MyDemoBookMyShow.MyDemoBookMyShow.SimpleService@1de5f259]" started-at="2023-12-11T11:38:59 IST" name="setup" finished-at="2023-12-11T11:39:15 IST" duration-ms="16259" status="PASS">
          <reporter-output>
          </reporter-output>
        </test-method> <!-- setup -->
      </class> <!-- MyDemoBookMyShow.MyDemoBookMyShow.SimpleService -->
    </test> <!-- Default test -->
  </suite> <!-- Default suite -->
</testng-results>
